
=== Processing Images ===
Root path: ./
Processing paths: {'html_desktop': './.html_desktop_processed', 'html_mobile': './.html_mobile_processed', 'threejs_desktop': './.threejs_desktop_processed', 'threejs_mobile': './.threejs_mobile_processed'}

Processing image: archigrad.io/example/demoproject/2.png
Resized ./archigrad.io/example/demoproject/2.png to [800, 600]
Resized ./archigrad.io/example/demoproject/2.png to [800, 600]
Resized ./archigrad.io/example/demoproject/2.png to [800, 600]
Resized ./archigrad.io/example/demoproject/2.png to [800, 600]

Processing image: archigrad.io/example/demoproject/1.png
Resized ./archigrad.io/example/demoproject/1.png to [800, 600]
Resized ./archigrad.io/example/demoproject/1.png to [800, 600]
Resized ./archigrad.io/example/demoproject/1.png to [800, 600]
Resized ./archigrad.io/example/demoproject/1.png to [800, 600]

Processing image: archigrad.io/example/demoproject/3.png
Resized ./archigrad.io/example/demoproject/3.png to [800, 600]
Resized ./archigrad.io/example/demoproject/3.png to [800, 600]
Resized ./archigrad.io/example/demoproject/3.png to [800, 600]
Resized ./archigrad.io/example/demoproject/3.png to [800, 600]

Processed 12 images

=== Directory Scan Started ===
Root path: ./
Max depth: 5
Allowed extensions: ['jpg', 'png', 'gif', 'txt', 'sh', 'py', 'obj', 'html', 'js', 'json', 'yml', 'mp4', 'css', 'log']
Ignore patterns: ['_*', '.*', 'log*']

Processing directory: ./
Current depth: 0
Filtered directories: {'.html_mobile_processed', '.threejs_desktop_processed', '.threejs_mobile_processed', '.html_desktop_processed'}

Processing directory: ./scripts
Current depth: 0
Filtered directories: {'logs'}
Added file: data.json (22890 bytes)
Added file: filestructure.json (12229 bytes)
Added file: attempt.json (4992 bytes)
Added file: index.html (8602 bytes)
Ignored file: .data.json.swp
Added file: config.yml (1339 bytes)

Processing directory: ./scripts/js
Current depth: 1
Added file: main.js (0 bytes)

Processing directory: ./scripts/py
Current depth: 1
Filtered directories: {'__pycache__'}
Ignored file: logger.py
Added file: structure_utils.py (7324 bytes)
Added file: image_utils.py (3851 bytes)
Added file: header_utils.py (5671 bytes)
Added file: generator2.py (11363 bytes)
Added file: config_utils.py (645 bytes)
Added file: main_combined.py (6502 bytes)
Ignored file: .image_utils.py.swp
Added file: main.py (963 bytes)

Processing directory: ./scripts/styles
Current depth: 1
Added file: style.css (0 bytes)

Processing directory: ./archigrad.io
Current depth: 0

Processing directory: ./archigrad.io/example
Current depth: 1

Processing directory: ./archigrad.io/example/demoproject
Current depth: 2
Added file: 2.png (940332 bytes)
Added file: 1.png (838079 bytes)
Added file: description.txt (964 bytes)
Added file: 3.png (988067 bytes)

Processing directory: ./archigrad.io/example/videos
Current depth: 2
Added file: admin_remove_project.mp4 (2036482 bytes)
Added file: website_navigation.mp4 (6494720 bytes)
Added file: admin_upload_project.mp4 (2254824 bytes)

=== Creating File Structure ===
Starting from root: ./

Processing directory: ./
Ignoring item: .html_desktop_processed
Ignoring item: .html_mobile_processed
Ignoring item: .threejs_desktop_processed
Ignoring item: .threejs_mobile_processed

Processing directory: ./archigrad.io

Processing directory: ./archigrad.io/example

Processing directory: ./archigrad.io/example/demoproject
Processed 4 items in ./archigrad.io/example/demoproject
Total directory size: 2767442 bytes

Processing directory: ./archigrad.io/example/videos
Processed 3 items in ./archigrad.io/example/videos
Total directory size: 10786026 bytes
Processed 2 items in ./archigrad.io/example
Total directory size: 13553468 bytes
Processed 1 items in ./archigrad.io
Total directory size: 13553468 bytes

Processing directory: ./scripts
Ignoring item: .data.json.swp

Processing directory: ./scripts/js
Processed 1 items in ./scripts/js
Total directory size: 0 bytes
Ignoring item: logs

Processing directory: ./scripts/py
Ignoring item: .image_utils.py.swp
Ignoring item: __pycache__
Ignoring item: logger.py
Processed 7 items in ./scripts/py
Total directory size: 36319 bytes

Processing directory: ./scripts/styles
Processed 1 items in ./scripts/styles
Total directory size: 0 bytes
Processed 8 items in ./scripts
Total directory size: 86371 bytes
Processed 2 items in ./
Total directory size: 13639839 bytes
