Error processing ./archigrad.io/example/demoproject/2.png: module 'PIL.Image' has no attribute 'Resampling'
Error processing ./archigrad.io/example/demoproject/2.png: module 'PIL.Image' has no attribute 'Resampling'
Error processing ./archigrad.io/example/demoproject/2.png: module 'PIL.Image' has no attribute 'Resampling'
Error processing ./archigrad.io/example/demoproject/2.png: module 'PIL.Image' has no attribute 'Resampling'
Error processing ./archigrad.io/example/demoproject/1.png: module 'PIL.Image' has no attribute 'Resampling'
Error processing ./archigrad.io/example/demoproject/1.png: module 'PIL.Image' has no attribute 'Resampling'
Error processing ./archigrad.io/example/demoproject/1.png: module 'PIL.Image' has no attribute 'Resampling'
Error processing ./archigrad.io/example/demoproject/1.png: module 'PIL.Image' has no attribute 'Resampling'
Error processing ./archigrad.io/example/demoproject/3.png: module 'PIL.Image' has no attribute 'Resampling'
Error processing ./archigrad.io/example/demoproject/3.png: module 'PIL.Image' has no attribute 'Resampling'
Error processing ./archigrad.io/example/demoproject/3.png: module 'PIL.Image' has no attribute 'Resampling'
Error processing ./archigrad.io/example/demoproject/3.png: module 'PIL.Image' has no attribute 'Resampling'

=== Directory Scan Started ===
Root path: ./
Max depth: 5
Allowed extensions: ['jpg', 'png', 'gif', 'txt', 'sh', 'py', 'obj', 'html', 'js', 'json', 'yml', 'mp4', 'css', 'log']
Ignore patterns: ['_*', '.*', 'archigrad.io*', 'log*']

Processing directory: ./
Current depth: 0
Filtered directories: {'.html_mobile_processed', '.threejs_mobile_processed', '.threejs_desktop_processed', 'archigrad.io', '.html_desktop_processed'}

Processing directory: ./scripts
Current depth: 0
Filtered directories: {'logs'}
Added file: data.json (21492 bytes)
Added file: filestructure.json (12229 bytes)
Added file: attempt.json (4992 bytes)
Added file: index.html (8602 bytes)
Added file: config.yml (1361 bytes)

Processing directory: ./scripts/js
Current depth: 1
Added file: main.js (0 bytes)

Processing directory: ./scripts/py
Current depth: 1
Filtered directories: {'__pycache__'}
Ignored file: logger.py
Added file: structure_utils.py (7324 bytes)
Added file: image_utils.py (3444 bytes)
Ignored file: .main.py.swp
Added file: header_utils.py (5671 bytes)
Added file: generator2.py (11363 bytes)
Added file: config_utils.py (645 bytes)
Added file: main_combined.py (6502 bytes)
Ignored file: .image_utils.py.swp
Ignored file: .structure_utils.py.swp
Added file: main.py (963 bytes)

Processing directory: ./scripts/styles
Current depth: 1
Added file: style.css (0 bytes)

=== Creating File Structure ===
Starting from root: ./

Processing directory: ./
Ignoring item: .html_desktop_processed
Ignoring item: .html_mobile_processed
Ignoring item: .threejs_desktop_processed
Ignoring item: .threejs_mobile_processed
Ignoring item: archigrad.io

Processing directory: ./scripts

Processing directory: ./scripts/js
Processed 1 items in ./scripts/js
Total directory size: 0 bytes
Ignoring item: logs

Processing directory: ./scripts/py
Ignoring item: .image_utils.py.swp
Ignoring item: .main.py.swp
Ignoring item: .structure_utils.py.swp
Ignoring item: __pycache__
Ignoring item: logger.py
Processed 7 items in ./scripts/py
Total directory size: 35912 bytes

Processing directory: ./scripts/styles
Processed 1 items in ./scripts/styles
Total directory size: 0 bytes
Processed 8 items in ./scripts
Total directory size: 84588 bytes
Processed 1 items in ./
Total directory size: 84588 bytes
