
=== Directory Scan Started ===
Root path: ./
Max depth: 5
Allowed extensions: ['jpg', 'png', 'gif', 'txt', 'sh', 'py', 'obj', 'html', 'js', 'json', 'yml', 'mp4', 'css', 'log']
Ignore patterns: ['_*', '.*', 'archigrad.io*', 'log*']

Processing directory: ./
Current depth: 0
Filtered directories: {'archigrad.io'}

Processing directory: ./scripts
Current depth: 0
Filtered directories: {'logs'}
Added file: data.json (11728 bytes)
Added file: filestructure.json (12229 bytes)
Added file: attempt.json (4992 bytes)
Ignored file: .config.yml.swp
Added file: index.html (8602 bytes)
Ignored file: .data.json.swp
Added file: config.yml (1361 bytes)

Processing directory: ./scripts/js
Current depth: 1
Added file: main.js (0 bytes)

Processing directory: ./scripts/py
Current depth: 1
Filtered directories: {'__pycache__'}
Ignored file: logger.py
Ignored file: .header_utils.py.swp
Added file: structure_utils.py (4250 bytes)
Added file: header_utils.py (5670 bytes)
Added file: generator2.py (11363 bytes)
Added file: config_utils.py (645 bytes)
Added file: main_combined.py (6502 bytes)
Added file: main.py (700 bytes)

Processing directory: ./scripts/styles
Current depth: 1
Added file: style.css (0 bytes)
