
=== Directory Scan Started ===
Root path: ./
Max depth: 5
Allowed extensions: ['jpg', 'png', 'gif', 'txt', 'sh', 'py', 'obj', 'html', 'js', 'json', 'yml', 'mp4', 'css', 'log']
Ignore patterns: ['_*', '.*']

Processing directory: ./
Current depth: 0

Processing directory: ./scripts
Current depth: 0
Added file: data.json (6751 bytes)
Added file: ddd.json (3762 bytes)
Added file: filestructure.json (12229 bytes)
Added file: attempt.json (4992 bytes)
Added file: index.html (8602 bytes)
Added file: config.yml (1326 bytes)

Processing directory: ./scripts/js
Current depth: 1
Added file: main.js (0 bytes)

Processing directory: ./scripts/py
Current depth: 1
Filtered directories: {'__pycache__'}
Added file: logger.py (362 bytes)
Added file: structure_utils.py (174 bytes)
Added file: header_utils.py (4950 bytes)
Added file: generator2.py (11363 bytes)
Added file: config_utils.py (645 bytes)
Added file: main_combined.py (6502 bytes)
Added file: main.py (700 bytes)

Processing directory: ./scripts/styles
Current depth: 1
Added file: style.css (0 bytes)

Processing directory: ./scripts/logs
Current depth: 1
Added file: dir_scan_20241118_230358.log (1114 bytes)

Processing directory: ./archigrad.io
Current depth: 0

Processing directory: ./archigrad.io/example
Current depth: 1

Processing directory: ./archigrad.io/example/demoproject
Current depth: 2
Added file: 2.png (940332 bytes)
Added file: 1.png (838079 bytes)
Added file: description.txt (964 bytes)
Added file: 3.png (988067 bytes)

Processing directory: ./archigrad.io/example/videos
Current depth: 2
Added file: admin_approve_project.gif (3638432 bytes)
Added file: user_fork_repository.mp4 (1484417 bytes)
Added file: user_update_project.mp4 (5631555 bytes)
Added file: user_upload_project.mp4 (4364525 bytes)
Added file: admin_update_project.mp4 (4848889 bytes)
Added file: admin_upload_project.gif (2617635 bytes)
Added file: user_remove_project.gif (3826708 bytes)
Added file: user_fork_repository.gif (851671 bytes)
Added file: user_remove_project.mp4 (3040214 bytes)
Added file: admin_remove_project.mp4 (2036482 bytes)
Added file: user_upload_project.gif (4969087 bytes)
Added file: admin_remove_project.gif (2299453 bytes)
Added file: website_navigation.mp4 (6494720 bytes)
Added file: website_navigation.gif (22341481 bytes)
Added file: admin_update_project.gif (6948989 bytes)
Added file: admin_upload_project.mp4 (2254824 bytes)
Added file: admin_approve_project.mp4 (2187338 bytes)
Added file: user_update_project.gif (7600936 bytes)
